<?xml version="1.0" encoding="UTF-8"?>
<testsuite name="com.kodilla.testing.shape.ShapeCollectorTestSuite" tests="4" skipped="0" failures="0" errors="0" timestamp="2019-06-22T16:46:58" hostname="DESKTOP-M5LK7PU" time="0.011">
  <properties/>
  <testcase name="testRemoveFigure" classname="com.kodilla.testing.shape.ShapeCollectorTestSuite" time="0.003"/>
  <testcase name="testAddFigure" classname="com.kodilla.testing.shape.ShapeCollectorTestSuite" time="0.001"/>
  <testcase name="displayFigures" classname="com.kodilla.testing.shape.ShapeCollectorTestSuite" time="0.006"/>
  <testcase name="testGetFigure" classname="com.kodilla.testing.shape.ShapeCollectorTestSuite" time="0.001"/>
  <system-out><![CDATA[This is the beginning of tests.
Preparing to execute test #1
Preparing to execute test #2
Preparing to execute test #3
[com.kodilla.testing.shape.Circle@24, com.kodilla.testing.shape.Circle@23, com.kodilla.testing.shape.Triangle@45e, com.kodilla.testing.shape.Triangle@43f, com.kodilla.testing.shape.Square@21, com.kodilla.testing.shape.Square@23, com.kodilla.testing.shape.Square@24]
[com.kodilla.testing.shape.Circle@24, com.kodilla.testing.shape.Circle@23, com.kodilla.testing.shape.Triangle@45e, com.kodilla.testing.shape.Triangle@43f, com.kodilla.testing.shape.Square@21, com.kodilla.testing.shape.Square@23, com.kodilla.testing.shape.Square@24]
[com.kodilla.testing.shape.Circle@24, com.kodilla.testing.shape.Circle@23, com.kodilla.testing.shape.Triangle@45e, com.kodilla.testing.shape.Triangle@43f, com.kodilla.testing.shape.Square@21, com.kodilla.testing.shape.Square@23, com.kodilla.testing.shape.Square@24]
[com.kodilla.testing.shape.Circle@24, com.kodilla.testing.shape.Circle@23, com.kodilla.testing.shape.Triangle@45e, com.kodilla.testing.shape.Triangle@43f, com.kodilla.testing.shape.Square@21, com.kodilla.testing.shape.Square@23, com.kodilla.testing.shape.Square@24]
[com.kodilla.testing.shape.Circle@24, com.kodilla.testing.shape.Circle@23, com.kodilla.testing.shape.Triangle@45e, com.kodilla.testing.shape.Triangle@43f, com.kodilla.testing.shape.Square@21, com.kodilla.testing.shape.Square@23, com.kodilla.testing.shape.Square@24]
[com.kodilla.testing.shape.Circle@24, com.kodilla.testing.shape.Circle@23, com.kodilla.testing.shape.Triangle@45e, com.kodilla.testing.shape.Triangle@43f, com.kodilla.testing.shape.Square@21, com.kodilla.testing.shape.Square@23, com.kodilla.testing.shape.Square@24]
[com.kodilla.testing.shape.Circle@24, com.kodilla.testing.shape.Circle@23, com.kodilla.testing.shape.Triangle@45e, com.kodilla.testing.shape.Triangle@43f, com.kodilla.testing.shape.Square@21, com.kodilla.testing.shape.Square@23, com.kodilla.testing.shape.Square@24]
Preparing to execute test #4
All tests are finished.
]]></system-out>
  <system-err><![CDATA[]]></system-err>
</testsuite>
