<?xml version="1.0" encoding="UTF-8"?>
<testsuite name="com.kodilla.testing.collection.CollectionTestSuite" tests="3" skipped="0" failures="0" errors="0" timestamp="2019-06-22T16:46:58" hostname="DESKTOP-M5LK7PU" time="0.007">
  <properties/>
  <testcase name="testOddNumbersExterminatorEmptyList" classname="com.kodilla.testing.collection.CollectionTestSuite" time="0.005"/>
  <testcase name="testOddNumbersExterminatorOddList" classname="com.kodilla.testing.collection.CollectionTestSuite" time="0.001"/>
  <testcase name="testOddNumbersExterminatorEvenList" classname="com.kodilla.testing.collection.CollectionTestSuite" time="0.0"/>
  <system-out><![CDATA[Test Case: begin
Test Case: end
Test Case: begin
testing 2
Test Case: end
Test Case: begin
testing 2
Test Case: end
]]></system-out>
  <system-err><![CDATA[]]></system-err>
</testsuite>
